<?xml version="1.0" encoding="UTF-8"?>
<!-- Generated by org.testng.reporters.JUnitXMLReporter -->
<testsuite ignored="4" hostname="DESKTOP-PH0RBMS" failures="0" tests="1" name="Default test" time="24.338" errors="0" timestamp="2026-04-30T12:56:41 IST">
  <testcase classname="tests.LoginTest" name="validLogin" time="16.706"/>
  <testcase classname="tests.LoginTest" name="invalidLogin" time="0.0">
    <ignored/>
  </testcase> <!-- invalidLogin -->
  <testcase classname="tests.LoginTest" name="dashboardValidationTest" time="0.0">
    <ignored/>
  </testcase> <!-- dashboardValidationTest -->
  <testcase classname="tests.LoginTest" name="emptyCredentialsTest" time="0.0">
    <ignored/>
  </testcase> <!-- emptyCredentialsTest -->
  <testcase classname="tests.LoginTest" name="specialCharacterLoginTest" time="0.0">
    <ignored/>
  </testcase> <!-- specialCharacterLoginTest -->
</testsuite> <!-- Default test -->
