<?xml version="1.0" encoding="UTF-8"?>
<!-- Generated by org.testng.reporters.JUnitXMLReporter -->
<testsuite ignored="0" hostname="DESKTOP-PH0RBMS" failures="0" tests="6" name="AllTests" time="71.682" errors="0" timestamp="2026-04-30T13:03:01 IST">
  <testcase classname="tests.LoginTest" name="validLogin" time="6.569"/>
  <testcase classname="tests.LoginTest" name="invalidLogin" time="6.6"/>
  <testcase classname="tests.LoginTest" name="emptyCredentialsTest" time="6.558"/>
  <testcase classname="tests.LoginTest" name="specialCharacterLoginTest" time="6.581"/>
  <testcase classname="tests.LoginTest" name="dashboardValidationTest" time="6.576"/>
  <testcase classname="tests.CartTest" name="addToCartTest" time="10.812"/>
</testsuite> <!-- AllTests -->
