<?xml version="1.0" encoding="UTF-8"?>
<testng-results ignored="0" total="6" passed="6" failed="0" skipped="0">
  <reporter-output>
  </reporter-output>
  <suite started-at="2026-04-30T13:01:50 IST" name="SauceDemoSuite" finished-at="2026-04-30T13:03:01 IST" duration-ms="71682">
    <groups>
    </groups>
    <test started-at="2026-04-30T13:01:50 IST" name="AllTests" finished-at="2026-04-30T13:03:01 IST" duration-ms="71682">
      <class name="tests.LoginTest">
        <test-method is-config="true" signature="setup()[pri:0, instance:tests.LoginTest@60bd273d]" started-at="2026-04-30T13:01:50 IST" name="setup" finished-at="2026-04-30T13:01:55 IST" duration-ms="5166" status="PASS">
          <reporter-output>
          </reporter-output>
        </test-method> <!-- setup -->
        <test-method signature="validLogin()[pri:1, instance:tests.LoginTest@60bd273d]" started-at="2026-04-30T13:01:55 IST" name="validLogin" finished-at="2026-04-30T13:02:01 IST" duration-ms="6569" status="PASS">
          <reporter-output>
          </reporter-output>
        </test-method> <!-- validLogin -->
        <test-method is-config="true" signature="teardown()[pri:0, instance:tests.LoginTest@60bd273d]" started-at="2026-04-30T13:02:01 IST" name="teardown" finished-at="2026-04-30T13:02:02 IST" duration-ms="338" status="PASS">
          <reporter-output>
          </reporter-output>
        </test-method> <!-- teardown -->
        <test-method is-config="true" signature="setup()[pri:0, instance:tests.LoginTest@60bd273d]" started-at="2026-04-30T13:02:02 IST" name="setup" finished-at="2026-04-30T13:02:05 IST" duration-ms="3346" status="PASS">
          <reporter-output>
          </reporter-output>
        </test-method> <!-- setup -->
        <test-method signature="invalidLogin()[pri:2, instance:tests.LoginTest@60bd273d]" started-at="2026-04-30T13:02:05 IST" name="invalidLogin" finished-at="2026-04-30T13:02:12 IST" duration-ms="6600" status="PASS">
          <reporter-output>
          </reporter-output>
        </test-method> <!-- invalidLogin -->
        <test-method is-config="true" signature="teardown()[pri:0, instance:tests.LoginTest@60bd273d]" started-at="2026-04-30T13:02:12 IST" name="teardown" finished-at="2026-04-30T13:02:12 IST" duration-ms="435" status="PASS">
          <reporter-output>
          </reporter-output>
        </test-method> <!-- teardown -->
        <test-method is-config="true" signature="setup()[pri:0, instance:tests.LoginTest@60bd273d]" started-at="2026-04-30T13:02:12 IST" name="setup" finished-at="2026-04-30T13:02:16 IST" duration-ms="4257" status="PASS">
          <reporter-output>
          </reporter-output>
        </test-method> <!-- setup -->
        <test-method signature="emptyCredentialsTest()[pri:3, instance:tests.LoginTest@60bd273d]" started-at="2026-04-30T13:02:16 IST" name="emptyCredentialsTest" finished-at="2026-04-30T13:02:23 IST" duration-ms="6558" status="PASS">
          <reporter-output>
          </reporter-output>
        </test-method> <!-- emptyCredentialsTest -->
        <test-method is-config="true" signature="teardown()[pri:0, instance:tests.LoginTest@60bd273d]" started-at="2026-04-30T13:02:23 IST" name="teardown" finished-at="2026-04-30T13:02:23 IST" duration-ms="408" status="PASS">
          <reporter-output>
          </reporter-output>
        </test-method> <!-- teardown -->
        <test-method is-config="true" signature="setup()[pri:0, instance:tests.LoginTest@60bd273d]" started-at="2026-04-30T13:02:23 IST" name="setup" finished-at="2026-04-30T13:02:28 IST" duration-ms="4236" status="PASS">
          <reporter-output>
          </reporter-output>
        </test-method> <!-- setup -->
        <test-method signature="specialCharacterLoginTest()[pri:4, instance:tests.LoginTest@60bd273d]" started-at="2026-04-30T13:02:28 IST" name="specialCharacterLoginTest" finished-at="2026-04-30T13:02:34 IST" duration-ms="6581" status="PASS">
          <reporter-output>
          </reporter-output>
        </test-method> <!-- specialCharacterLoginTest -->
        <test-method is-config="true" signature="teardown()[pri:0, instance:tests.LoginTest@60bd273d]" started-at="2026-04-30T13:02:34 IST" name="teardown" finished-at="2026-04-30T13:02:35 IST" duration-ms="408" status="PASS">
          <reporter-output>
          </reporter-output>
        </test-method> <!-- teardown -->
        <test-method is-config="true" signature="setup()[pri:0, instance:tests.LoginTest@60bd273d]" started-at="2026-04-30T13:02:35 IST" name="setup" finished-at="2026-04-30T13:02:39 IST" duration-ms="3866" status="PASS">
          <reporter-output>
          </reporter-output>
        </test-method> <!-- setup -->
        <test-method signature="dashboardValidationTest()[pri:5, instance:tests.LoginTest@60bd273d]" started-at="2026-04-30T13:02:39 IST" name="dashboardValidationTest" finished-at="2026-04-30T13:02:45 IST" duration-ms="6576" status="PASS">
          <reporter-output>
          </reporter-output>
        </test-method> <!-- dashboardValidationTest -->
        <test-method is-config="true" signature="teardown()[pri:0, instance:tests.LoginTest@60bd273d]" started-at="2026-04-30T13:02:45 IST" name="teardown" finished-at="2026-04-30T13:02:45 IST" duration-ms="343" status="PASS">
          <reporter-output>
          </reporter-output>
        </test-method> <!-- teardown -->
      </class> <!-- tests.LoginTest -->
      <class name="tests.CartTest">
        <test-method is-config="true" signature="setup()[pri:0, instance:tests.CartTest@6d4d66d2]" started-at="2026-04-30T13:02:45 IST" name="setup" finished-at="2026-04-30T13:02:49 IST" duration-ms="3623" status="PASS">
          <reporter-output>
          </reporter-output>
        </test-method> <!-- setup -->
        <test-method signature="addToCartTest()[pri:0, instance:tests.CartTest@6d4d66d2]" started-at="2026-04-30T13:02:49 IST" name="addToCartTest" finished-at="2026-04-30T13:03:00 IST" duration-ms="10812" status="PASS">
          <reporter-output>
          </reporter-output>
        </test-method> <!-- addToCartTest -->
        <test-method is-config="true" signature="teardown()[pri:0, instance:tests.CartTest@6d4d66d2]" started-at="2026-04-30T13:03:00 IST" name="teardown" finished-at="2026-04-30T13:03:01 IST" duration-ms="1429" status="PASS">
          <reporter-output>
          </reporter-output>
        </test-method> <!-- teardown -->
      </class> <!-- tests.CartTest -->
    </test> <!-- AllTests -->
  </suite> <!-- SauceDemoSuite -->
</testng-results>
