<?xml version="1.0" encoding="UTF-8"?>
<!-- Generated by org.testng.reporters.JUnitReportReporter -->
<testsuite hostname="DESKTOP-PH0RBMS" failures="0" tests="5" name="tests.LoginTest" time="55.687" errors="0" timestamp="2026-04-30T13:03:02 IST" skipped="0">
  <testcase classname="tests.LoginTest" name="validLogin" time="11.169"/>
  <testcase classname="tests.LoginTest" name="invalidLogin" time="12.201"/>
  <testcase classname="tests.LoginTest" name="emptyCredentialsTest" time="10.762"/>
  <testcase classname="tests.LoginTest" name="specialCharacterLoginTest" time="10.335"/>
  <testcase classname="tests.LoginTest" name="dashboardValidationTest" time="11.220"/>
</testsuite> <!-- tests.LoginTest -->
